<?xml version="1.0" encoding="UTF-8"?>
<!-- Generated by org.testng.reporters.JUnitReportReporter -->
<testsuite hostname="DESKTOP-JRS8D16" failures="0" tests="1" name="betch14testNg.assertionInTestNg" time="30.513" errors="0" timestamp="2023-07-05T11:27:23 PDT" skipped="0">
  <testcase classname="betch14testNg.assertionInTestNg" name="logIn" time="30.513"/>
  <system-out/>
</testsuite> <!-- betch14testNg.assertionInTestNg -->
