<?xml version="1.0" encoding="UTF-8"?>
<!-- Generated by org.testng.reporters.JUnitReportReporter -->
<testsuite hostname="DESKTOP-JRS8D16" failures="0" tests="1" name="ModuleTesting.AdminModule" time="11.535" errors="0" timestamp="2023-07-13T13:27:14 PDT" skipped="0">
  <testcase classname="ModuleTesting.AdminModule" name="addUser" time="11.535"/>
  <system-out/>
</testsuite> <!-- ModuleTesting.AdminModule -->
