<?xml version="1.0" encoding="UTF-8"?>
<!-- Generated by org.testng.reporters.JUnitReportReporter -->
<testsuite hostname="DESKTOP-JRS8D16" failures="0" tests="1" name="testNGpractice.LoginTest" time="27.574" errors="0" timestamp="2023-07-15T18:18:14 PDT" skipped="0">
  <testcase classname="testNGpractice.LoginTest" name="logIn" time="27.574"/>
  <system-out/>
</testsuite> <!-- testNGpractice.LoginTest -->
