<?xml version="1.0" encoding="UTF-8"?>
<!-- Generated by org.testng.reporters.JUnitReportReporter -->
<testsuite hostname="DESKTOP-JRS8D16" failures="0" tests="1" name="ModuleTesting.LeaveModule" time="9.560" errors="0" timestamp="2023-07-14T17:39:32 PDT" skipped="0">
  <testcase classname="ModuleTesting.LeaveModule" name="addUser" time="9.560"/>
  <system-out/>
</testsuite> <!-- ModuleTesting.LeaveModule -->
