<?xml version="1.0" encoding="UTF-8"?>
<!-- Generated by org.testng.reporters.JUnitReportReporter -->
<testsuite hostname="DESKTOP-JRS8D16" failures="0" tests="2" name="betch14testNg.testDemo" time="0.035" errors="0" timestamp="2023-07-05T11:51:36 PDT" skipped="0">
  <testcase classname="betch14testNg.testDemo" name="loginTest" time="0.010"/>
  <system-out/>
  <testcase classname="betch14testNg.testDemo" name="UserTest" time="0.025"/>
  <system-out/>
</testsuite> <!-- betch14testNg.testDemo -->
