<?xml version="1.0" encoding="UTF-8"?>
<!-- Generated by org.testng.reporters.JUnitReportReporter -->
<testsuite hostname="DESKTOP-JRS8D16" failures="0" tests="3" name="betch14testNg.testDemo2" time="0.025" errors="0" timestamp="2023-05-26T15:15:02 PDT" skipped="0">
  <testcase classname="betch14testNg.testDemo2" name="loginTest" time="0.016"/>
  <system-out/>
  <testcase classname="betch14testNg.testDemo2" name="addUserTest" time="0.006"/>
  <system-out/>
  <testcase classname="betch14testNg.testDemo2" name="editUser" time="0.003"/>
  <system-out/>
</testsuite> <!-- betch14testNg.testDemo2 -->
